16:03:02.467 INFO  manager.ApplicationManager - All tests run in chrome browser
16:03:07.435 INFO  manager.ApplicationManager - Current Url___>https://ilcarro-1578153671498.web.app/search
16:03:07.459 INFO  tests.BaseTests - Started method with name: public void tests.SearchTests.searchAnyPeriod()
16:03:07.461 INFO  manager.MyListener - WebDriver start element --> By.id: city
16:03:07.488 INFO  manager.MyListener - WebDriver found element by locator -->By.id: city
16:03:08.133 INFO  manager.MyListener - WebDriver start element --> By.cssSelector: .pac-item
16:03:08.158 INFO  manager.MyListener - WebDriver found element by locator -->By.cssSelector: .pac-item
16:03:08.208 INFO  manager.MyListener - WebDriver start element --> By.id: city
16:03:08.224 INFO  manager.MyListener - WebDriver found element by locator -->By.id: city
16:03:08.261 INFO  manager.MyListener - WebDriver start element --> By.id: dates
16:03:08.282 INFO  manager.MyListener - WebDriver found element by locator -->By.id: dates
16:03:08.309 INFO  manager.MyListener - WebDriver start element --> By.id: dates
16:03:08.328 INFO  manager.MyListener - WebDriver found element by locator -->By.id: dates
16:03:08.420 INFO  manager.MyListener - WebDriver start element --> By.xpath: //button[@aria-label='Next month']
16:03:08.447 INFO  manager.MyListener - WebDriver found element by locator -->By.xpath: //button[@aria-label='Next month']
16:03:08.499 INFO  manager.MyListener - WebDriver start element --> By.xpath: //button[@aria-label='Next month']
16:03:08.523 INFO  manager.MyListener - WebDriver found element by locator -->By.xpath: //button[@aria-label='Next month']
16:03:08.568 INFO  manager.MyListener - WebDriver start element --> By.xpath: //button[@aria-label='Next month']
16:03:08.583 INFO  manager.MyListener - WebDriver found element by locator -->By.xpath: //button[@aria-label='Next month']
16:03:08.626 INFO  manager.MyListener - WebDriver start element --> By.xpath: //button[@aria-label='Next month']
16:03:08.641 INFO  manager.MyListener - WebDriver found element by locator -->By.xpath: //button[@aria-label='Next month']
16:03:08.676 INFO  manager.MyListener - WebDriver start element --> By.xpath: //button[@aria-label='Next month']
16:03:08.691 INFO  manager.MyListener - WebDriver found element by locator -->By.xpath: //button[@aria-label='Next month']
16:03:08.729 INFO  manager.MyListener - WebDriver start element --> By.xpath: //button[@aria-label='Next month']
16:03:08.743 INFO  manager.MyListener - WebDriver found element by locator -->By.xpath: //button[@aria-label='Next month']
16:03:08.777 INFO  manager.MyListener - WebDriver start element --> By.xpath: //div[text() = ' 10 ']
16:03:08.800 INFO  manager.MyListener - WebDriver found element by locator -->By.xpath: //div[text() = ' 10 ']
16:03:08.845 INFO  manager.MyListener - WebDriver start element --> By.xpath: //button[@aria-label='Next month']
16:03:08.867 INFO  manager.MyListener - WebDriver found element by locator -->By.xpath: //button[@aria-label='Next month']
16:03:08.907 INFO  manager.MyListener - WebDriver start element --> By.xpath: //button[@aria-label='Next month']
16:03:08.922 INFO  manager.MyListener - WebDriver found element by locator -->By.xpath: //button[@aria-label='Next month']
16:03:08.955 INFO  manager.MyListener - WebDriver start element --> By.xpath: //button[@aria-label='Next month']
16:03:08.971 INFO  manager.MyListener - WebDriver found element by locator -->By.xpath: //button[@aria-label='Next month']
16:03:09.010 INFO  manager.MyListener - WebDriver start element --> By.xpath: //div[text() = ' 20 ']
16:03:09.027 INFO  manager.MyListener - WebDriver found element by locator -->By.xpath: //div[text() = ' 20 ']
16:03:09.075 INFO  manager.MyListener - WebDriver start element --> By.xpath: //button[@type='submit']
16:03:09.095 INFO  manager.MyListener - WebDriver found element by locator -->By.xpath: //button[@type='submit']
16:03:09.135 INFO  manager.MyListener - WebDriver start element --> By.xpath: //button[@type='submit']
16:03:09.145 INFO  manager.MyListener - WebDriver found element by locator -->By.xpath: //button[@type='submit']
16:03:10.658 INFO  tests.BaseTests - Started method with name: public void tests.SearchTests.searchCurrentMonth()
16:03:10.659 INFO  manager.MyListener - WebDriver start element --> By.id: city
16:03:10.671 INFO  manager.MyListener - WebDriver found element by locator -->By.id: city
16:03:11.316 INFO  manager.MyListener - WebDriver start element --> By.cssSelector: .pac-item
16:03:11.330 INFO  manager.MyListener - WebDriver found element by locator -->By.cssSelector: .pac-item
16:03:11.374 INFO  manager.MyListener - WebDriver start element --> By.id: city
16:03:11.390 INFO  manager.MyListener - WebDriver found element by locator -->By.id: city
16:03:11.433 INFO  manager.MyListener - WebDriver start element --> By.id: dates
16:03:16.657 INFO  manager.MyListener - The name of method with error: findElement
16:03:16.660 INFO  manager.MyListener - We have a problem: org.openqa.selenium.NoSuchElementException: no such element: Unable to locate element: {"method":"css selector","selector":"#dates"}
  (Session info: chrome=103.0.5060.114)
For documentation on this error, please visit: https://selenium.dev/exceptions/#no_such_element
Build info: version: '4.2.2', revision: '683ccb65d6'
System info: host: 'LAPTOP-S8MI6IBE', ip: '192.168.1.14', os.name: 'Windows 11', os.arch: 'amd64', os.version: '10.0', java.version: '11.0.15.1'
Driver info: org.openqa.selenium.chrome.ChromeDriver
Command: [e0318e6144f8c690f76661286e193d40, findElement {using=id, value=dates}]
Capabilities {acceptInsecureCerts: false, browserName: chrome, browserVersion: 103.0.5060.114, chrome: {chromedriverVersion: 103.0.5060.53 (a1711811edd7..., userDataDir: C:\Users\97254\AppData\Loca...}, goog:chromeOptions: {debuggerAddress: localhost:59334}, networkConnectionEnabled: false, pageLoadStrategy: normal, platformName: WINDOWS, proxy: Proxy(), se:cdp: ws://localhost:59334/devtoo..., se:cdpVersion: 103.0.5060.114, setWindowRect: true, strictFileInteractability: false, timeouts: {implicit: 0, pageLoad: 300000, script: 30000}, unhandledPromptBehavior: dismiss and notify, webauthn:extension:credBlob: true, webauthn:extension:largeBlob: true, webauthn:virtualAuthenticators: true}
Session ID: e0318e6144f8c690f76661286e193d40
16:03:16.661 INFO  tests.BaseTests - Started method with name: public void tests.SearchTests.searchCurrentYear()
16:03:16.661 INFO  manager.MyListener - WebDriver start element --> By.id: city
16:03:16.674 INFO  manager.MyListener - WebDriver found element by locator -->By.id: city
16:03:17.296 INFO  manager.MyListener - WebDriver start element --> By.cssSelector: .pac-item
16:03:17.317 INFO  manager.MyListener - WebDriver found element by locator -->By.cssSelector: .pac-item
16:03:17.346 INFO  manager.MyListener - WebDriver start element --> By.id: city
16:03:17.358 INFO  manager.MyListener - WebDriver found element by locator -->By.id: city
16:03:17.398 INFO  manager.MyListener - WebDriver start element --> By.id: dates
16:03:22.431 INFO  manager.MyListener - The name of method with error: findElement
16:03:22.432 INFO  manager.MyListener - We have a problem: org.openqa.selenium.NoSuchElementException: no such element: Unable to locate element: {"method":"css selector","selector":"#dates"}
  (Session info: chrome=103.0.5060.114)
For documentation on this error, please visit: https://selenium.dev/exceptions/#no_such_element
Build info: version: '4.2.2', revision: '683ccb65d6'
System info: host: 'LAPTOP-S8MI6IBE', ip: '192.168.1.14', os.name: 'Windows 11', os.arch: 'amd64', os.version: '10.0', java.version: '11.0.15.1'
Driver info: org.openqa.selenium.chrome.ChromeDriver
Command: [e0318e6144f8c690f76661286e193d40, findElement {using=id, value=dates}]
Capabilities {acceptInsecureCerts: false, browserName: chrome, browserVersion: 103.0.5060.114, chrome: {chromedriverVersion: 103.0.5060.53 (a1711811edd7..., userDataDir: C:\Users\97254\AppData\Loca...}, goog:chromeOptions: {debuggerAddress: localhost:59334}, networkConnectionEnabled: false, pageLoadStrategy: normal, platformName: WINDOWS, proxy: Proxy(), se:cdp: ws://localhost:59334/devtoo..., se:cdpVersion: 103.0.5060.114, setWindowRect: true, strictFileInteractability: false, timeouts: {implicit: 0, pageLoad: 300000, script: 30000}, unhandledPromptBehavior: dismiss and notify, webauthn:extension:credBlob: true, webauthn:extension:largeBlob: true, webauthn:virtualAuthenticators: true}
Session ID: e0318e6144f8c690f76661286e193d40
16:03:22.433 INFO  tests.BaseTests - Started method with name: public void tests.SearchTests.searchCurrentYearLocalDate()
16:03:22.434 INFO  manager.MyListener - WebDriver start element --> By.id: city
16:03:22.450 INFO  manager.MyListener - WebDriver found element by locator -->By.id: city
16:03:23.062 INFO  manager.MyListener - WebDriver start element --> By.cssSelector: .pac-item
16:03:23.073 INFO  manager.MyListener - WebDriver found element by locator -->By.cssSelector: .pac-item
16:03:23.104 INFO  manager.MyListener - WebDriver start element --> By.id: city
16:03:23.120 INFO  manager.MyListener - WebDriver found element by locator -->By.id: city
16:03:23.151 INFO  manager.MyListener - WebDriver start element --> By.id: dates
16:03:28.171 INFO  manager.MyListener - The name of method with error: findElement
16:03:28.172 INFO  manager.MyListener - We have a problem: org.openqa.selenium.NoSuchElementException: no such element: Unable to locate element: {"method":"css selector","selector":"#dates"}
  (Session info: chrome=103.0.5060.114)
For documentation on this error, please visit: https://selenium.dev/exceptions/#no_such_element
Build info: version: '4.2.2', revision: '683ccb65d6'
System info: host: 'LAPTOP-S8MI6IBE', ip: '192.168.1.14', os.name: 'Windows 11', os.arch: 'amd64', os.version: '10.0', java.version: '11.0.15.1'
Driver info: org.openqa.selenium.chrome.ChromeDriver
Command: [e0318e6144f8c690f76661286e193d40, findElement {using=id, value=dates}]
Capabilities {acceptInsecureCerts: false, browserName: chrome, browserVersion: 103.0.5060.114, chrome: {chromedriverVersion: 103.0.5060.53 (a1711811edd7..., userDataDir: C:\Users\97254\AppData\Loca...}, goog:chromeOptions: {debuggerAddress: localhost:59334}, networkConnectionEnabled: false, pageLoadStrategy: normal, platformName: WINDOWS, proxy: Proxy(), se:cdp: ws://localhost:59334/devtoo..., se:cdpVersion: 103.0.5060.114, setWindowRect: true, strictFileInteractability: false, timeouts: {implicit: 0, pageLoad: 300000, script: 30000}, unhandledPromptBehavior: dismiss and notify, webauthn:extension:credBlob: true, webauthn:extension:largeBlob: true, webauthn:virtualAuthenticators: true}
Session ID: e0318e6144f8c690f76661286e193d40
16:03:28.173 INFO  tests.BaseTests - Started method with name: public void tests.SearchTests.searchZPeriodPast()
16:03:28.174 INFO  manager.MyListener - WebDriver start element --> By.id: city
16:03:28.187 INFO  manager.MyListener - WebDriver found element by locator -->By.id: city
16:03:28.817 INFO  manager.MyListener - WebDriver start element --> By.cssSelector: .pac-item
16:03:28.832 INFO  manager.MyListener - WebDriver found element by locator -->By.cssSelector: .pac-item
16:03:28.862 INFO  manager.MyListener - WebDriver start element --> By.id: city
16:03:28.877 INFO  manager.MyListener - WebDriver found element by locator -->By.id: city
16:03:28.909 INFO  manager.MyListener - WebDriver start element --> By.id: dates
16:03:33.933 INFO  manager.MyListener - The name of method with error: findElement
16:03:33.934 INFO  manager.MyListener - We have a problem: org.openqa.selenium.NoSuchElementException: no such element: Unable to locate element: {"method":"css selector","selector":"#dates"}
  (Session info: chrome=103.0.5060.114)
For documentation on this error, please visit: https://selenium.dev/exceptions/#no_such_element
Build info: version: '4.2.2', revision: '683ccb65d6'
System info: host: 'LAPTOP-S8MI6IBE', ip: '192.168.1.14', os.name: 'Windows 11', os.arch: 'amd64', os.version: '10.0', java.version: '11.0.15.1'
Driver info: org.openqa.selenium.chrome.ChromeDriver
Command: [e0318e6144f8c690f76661286e193d40, findElement {using=id, value=dates}]
Capabilities {acceptInsecureCerts: false, browserName: chrome, browserVersion: 103.0.5060.114, chrome: {chromedriverVersion: 103.0.5060.53 (a1711811edd7..., userDataDir: C:\Users\97254\AppData\Loca...}, goog:chromeOptions: {debuggerAddress: localhost:59334}, networkConnectionEnabled: false, pageLoadStrategy: normal, platformName: WINDOWS, proxy: Proxy(), se:cdp: ws://localhost:59334/devtoo..., se:cdpVersion: 103.0.5060.114, setWindowRect: true, strictFileInteractability: false, timeouts: {implicit: 0, pageLoad: 300000, script: 30000}, unhandledPromptBehavior: dismiss and notify, webauthn:extension:credBlob: true, webauthn:extension:largeBlob: true, webauthn:virtualAuthenticators: true}
Session ID: e0318e6144f8c690f76661286e193d40
